<?xml version="1.0" encoding="UTF-8"?>
<!-- Generated by org.testng.reporters.JUnitXMLReporter -->
<testsuite ignored="0" hostname="DESKTOP-EAGL7Q4" failures="1" tests="2" name="Test" time="7.035" errors="0" timestamp="2023-08-08T23:40:03 MESZ">
  <testcase classname="harunaltunhwe.tests.LandingPageTest" name="landingPage" time="0.42">
    <skipped/>
  </testcase> <!-- landingPage -->
  <testcase classname="harunaltunhwe.tests.LandingPageTest" name="landingPage" time="0.406">
    <failure type="java.lang.IllegalAccessError" message="class harunaltunhwe.pageobjects.LandingPage (in unnamed module @0x31ef45e3) cannot access class com.sun.tools.javac.util.Assert (in module jdk.compiler) because module jdk.compiler does not export com.sun.tools.javac.util to unnamed module @0x31ef45e3">
      <![CDATA[java.lang.IllegalAccessError: class harunaltunhwe.pageobjects.LandingPage (in unnamed module @0x31ef45e3) cannot access class com.sun.tools.javac.util.Assert (in module jdk.compiler) because module jdk.compiler does not export com.sun.tools.javac.util to unnamed module @0x31ef45e3
at harunaltunhwe.pageobjects.LandingPage.enterPersonalData(LandingPage.java:81)
at harunaltunhwe.tests.LandingPageTest.landingPage(LandingPageTest.java:41)
at java.base/java.util.ArrayList.forEach(ArrayList.java:1511)
... Removed 27 stack frames]]>
    </failure>
  </testcase> <!-- landingPage -->
</testsuite> <!-- Test -->
